android/app/build/outputs/mapping/release/seeds.txt
com.busease.MainActivity
com.busease.MainApplication
com.busease.MainApplication: MainApplication()
com.busease.MainActivity: MainActivity()
...
com.google.android.datatransport.cct.CctBackendFactory
com.facebook.react.common.LifecycleState
com.facebook.react.bridge.Arguments$1
com.facebook.react.modules.systeminfo.AndroidInfoModule
com.facebook.react.bridge.JSApplicationCausedNativeException
com.google.android.material.snackbar.SnackbarContentLayout
com.facebook.react.bridge.CatalystInstanceImpl$1$1
com.google.android.material.bottomappbar.BottomAppBar$Behavior
com.facebook.imagepipeline.platform.PreverificationHelper
com.facebook.fbreact.specs.NativeModalManagerSpec
com.facebook.react.fabric.FabricUIManager$2
com.facebook.imagepipeline.memory.AshmemMemoryChunkPool
com.facebook.react.bridge.RetryableMountingLayerException
com.facebook.react.fabric.ReactNativeConfig
androidx.work.impl.background.systemalarm.ConstraintProxy$NetworkStateProxy
androidx.lifecycle.CompositeGeneratedAdaptersObserver
com.google.android.material.floatingactionbutton.FloatingActionButton$Behavior
com.facebook.react.bridge.CallbackImpl
com.google.android.material.button.MaterialButtonToggleGroup
com.facebook.react.modules.core.DeviceEventManagerModule
com.swmansion.reanimated.ReanimatedPackage
androidx.work.impl.workers.DiagnosticsWorker
com.facebook.react.bridge.WritableNativeMap
com.swmansion.reanimated.keyboard.Keyboard
com.swmansion.reanimated.ReactNativeUtils
androidx.lifecycle.SavedStateHandleAttacher
androidx.activity.result.ActivityResultRegistry$1
com.facebook.react.modules.devtoolssettings.DevToolsSettingsManagerModule
com.facebook.react.bridge.ReactMarker$FabricMarkerListener
androidx.activity.ComponentActivity$4
com.facebook.react.turbomodule.core.TurboModuleManager$ModuleProvider
com.facebook.react.uimanager.ComponentNameResolver
com.facebook.react.turbomodule.core.interfaces.TurboModuleRegistry
com.facebook.jni.DestructorThread$Terminus
android.support.v4.graphics.drawable.IconCompatParcelizer
com.facebook.react.modules.appearance.AppearanceModule
com.facebook.react.bridge.BackgroundExecutor$NamedThreadFactory
com.facebook.react.bridge.NativeModule$NativeMethod
androidx.work.impl.background.systemjob.SystemJobService
javax.inject.Provider
com.mrousavy.camera.CameraDevicesManager
com.google.mlkit.vision.barcode.internal.BarcodeRegistrar
com.facebook.jni.CppSystemErrorException
com.facebook.react.runtime.BindingsInstaller
com.facebook.react.modules.deviceinfo.DeviceInfoModule
com.swmansion.reanimated.BuildConfig
com.facebook.react.fabric.FabricUIManager$DispatchUIFrameCallback
androidx.appcompat.view.menu.ExpandedMenuView
com.facebook.react.common.mapbuffer.WritableMapBuffer
com.facebook.react.bridge.JavaMethodWrapper$7
com.facebook.react.uimanager.RootViewManager
androidx.recyclerview.widget.LinearLayoutManager
com.facebook.react.turbomodule.core.NativeModuleSoLoader$Companion
com.facebook.react.fabric.CoreComponentsRegistry
com.facebook.react.bridge.JavaModuleWrapper
com.facebook.react.bridge.NativeArgumentsParseException
com.swmansion.reanimated.R
com.facebook.react.bridge.InvalidIteratorException
com.facebook.react.modules.core.ExceptionsManagerModule
com.facebook.react.runtime.JSEngineInstance
com.google.android.gms.common.GooglePlayServicesMissingManifestValueException
com.facebook.fbreact.specs.NativeLogBoxSpec
android.support.v4.app.RemoteActionCompatParcelizer
com.facebook.react.bridge.CatalystInstanceImpl$3
com.facebook.react.fabric.mounting.LayoutMetricsConversions
com.facebook.react.modules.share.ShareModule
com.facebook.react.bridge.SoftAssertions
com.swmansion.reanimated.layoutReanimation.SharedTransitionManager
com.facebook.react.devsupport.JSCHeapCapture
com.facebook.react.bridge.JSIModuleProvider
androidx.lifecycle.ProcessLifecycleInitializer
androidx.work.impl.background.systemalarm.ConstraintProxy$BatteryNotLowProxy
com.facebook.react.bridge.ReadableNativeMap$3
com.facebook.fbreact.specs.NativeDevToolsSettingsManagerSpec
com.facebook.react.CompositeReactPackageTurboModuleManagerDelegate
com.facebook.react.fabric.mounting.SurfaceMountingManager$ViewState