android/app/build/outputs/mapping/release/usage.txt
com.busease.BuildConfig
com.busease.R$drawable
com.busease.R$integer
com.busease.R$layout
com.busease.R$mipmap
com.busease.R$string
com.busease.R$style
com.busease.R
...
com.google.android.material.transition.platform.FadeProvider$2
com.google.android.material.transition.platform.FadeProvider
com.google.android.material.transition.platform.FadeThroughProvider$1
com.google.android.material.transition.platform.FadeThroughProvider$2
com.google.android.material.transition.platform.FadeThroughProvider
com.google.android.material.transition.platform.FitModeEvaluator
com.google.android.material.transition.platform.FitModeEvaluators$1
com.google.android.material.transition.platform.FitModeEvaluators$2
com.google.android.material.transition.platform.FitModeEvaluators
com.google.android.material.transition.platform.FitModeResult
com.google.android.material.transition.platform.Hold
com.google.android.material.transition.platform.MaskEvaluator
com.google.android.material.transition.platform.MaterialArcMotion
com.google.android.material.transition.platform.MaterialContainerTransform$1
com.google.android.material.transition.platform.MaterialContainerTransform$2
com.google.android.material.transition.platform.MaterialContainerTransform$FadeMode
com.google.android.material.transition.platform.MaterialContainerTransform$FitMode
com.google.android.material.transition.platform.MaterialContainerTransform$ProgressThresholds
com.google.android.material.transition.platform.MaterialContainerTransform$ProgressThresholdsGroup
com.google.android.material.transition.platform.MaterialContainerTransform$TransitionDirection
com.google.android.material.transition.platform.MaterialContainerTransform$TransitionDrawable$1
com.google.android.material.transition.platform.MaterialContainerTransform$TransitionDrawable$2
com.google.android.material.transition.platform.MaterialContainerTransform$TransitionDrawable
com.google.android.material.transition.platform.MaterialContainerTransform
com.google.android.material.transition.platform.MaterialContainerTransformSharedElementCallback$1
com.google.android.material.transition.platform.MaterialContainerTransformSharedElementCallback$2
com.google.android.material.transition.platform.MaterialContainerTransformSharedElementCallback$3
com.google.android.material.transition.platform.MaterialContainerTransformSharedElementCallback$ShapeProvider
com.google.android.material.transition.platform.MaterialContainerTransformSharedElementCallback$ShapeableViewShapeProvider
com.google.android.material.transition.platform.MaterialContainerTransformSharedElementCallback
com.google.android.material.transition.platform.MaterialElevationScale
com.google.android.material.transition.platform.MaterialFade
com.google.android.material.transition.platform.MaterialFadeThrough
com.google.android.material.transition.platform.MaterialSharedAxis$Axis
com.google.android.material.transition.platform.MaterialSharedAxis
com.google.android.material.transition.platform.MaterialVisibility
com.google.android.material.transition.platform.ScaleProvider$1
com.google.android.material.transition.platform.ScaleProvider
com.google.android.material.transition.platform.SlideDistanceProvider$1
com.google.android.material.transition.platform.SlideDistanceProvider$2
com.google.android.material.transition.platform.SlideDistanceProvider$GravityFlag
com.google.android.material.transition.platform.SlideDistanceProvider
com.google.android.material.transition.platform.TransitionListenerAdapter
com.google.android.material.transition.platform.TransitionUtils$1
com.google.android.material.transition.platform.TransitionUtils$CornerSizeBinaryOperator
com.google.android.material.transition.platform.TransitionUtils
com.google.android.material.transition.platform.VisibilityAnimatorProvider
com.google.android.odml.image.BitmapExtractor
com.google.android.odml.image.BitmapMlImageBuilder
com.google.android.odml.image.ByteBufferExtractor
com.google.android.odml.image.ByteBufferMlImageBuilder
com.google.android.odml.image.ImageProperties
com.google.android.odml.image.MediaImageExtractor
com.google.android.odml.image.MediaMlImageBuilder